
2024-09-04, 2:07:30 PM - WARNING: Download of “https://williamssolutionpro.vercel.app/robots.txt” failed with error code 404 (not found)
2024-09-04, 2:07:30 PM - MEDIA TYPE: “https://williamssolutionpro.vercel.app/” has a media type of text/html
2024-09-04, 2:07:30 PM - HISTORY: Downloaded “https://williamssolutionpro.vercel.app/” to “/Users/drgachet/Library/CloudStorage/GoogleDrive-peanutsonpineapple@gmail.com/My Drive/KISSTECH/WILLIAMS/Sept_4_2024_Code/williamssolutionpro.vercel.appx/index.html”
2024-09-04, 2:07:30 PM - WARNING: May not be able to follow all links on “/Users/drgachet/Library/CloudStorage/GoogleDrive-peanutsonpineapple@gmail.com/My Drive/KISSTECH/WILLIAMS/Sept_4_2024_Code/williamssolutionpro.vercel.appx/index.html” because it uses JavaScript
2024-09-04, 2:07:30 PM - MEDIA TYPE: “https://williamssolutionpro.vercel.app/frame-6@2x.png” has a media type of image/png
2024-09-04, 2:07:30 PM - WARNING: File name is “frame-6@2x.png” from HTTP header for “https://williamssolutionpro.vercel.app/frame-6@2x.png”
2024-09-04, 2:07:30 PM - MEDIA TYPE: “https://williamssolutionpro.vercel.app/williams20logo3transparent20bgroundpng@2x.png” has a media type of image/png
2024-09-04, 2:07:30 PM - WARNING: File name is “williams20logo3transparent20bgroundpng@2x.png” from HTTP header for “https://williamssolutionpro.vercel.app/williams20logo3transparent20bgroundpng@2x.png”
2024-09-04, 2:07:30 PM - HISTORY: Downloaded “https://williamssolutionpro.vercel.app/williams20logo3transparent20bgroundpng@2x.png”, referred from “/Users/drgachet/Library/CloudStorage/GoogleDrive-peanutsonpineapple@gmail.com/My Drive/KISSTECH/WILLIAMS/Sept_4_2024_Code/williamssolutionpro.vercel.appx/index.html”, to “/Users/drgachet/Library/CloudStorage/GoogleDrive-peanutsonpineapple@gmail.com/My Drive/KISSTECH/WILLIAMS/Sept_4_2024_Code/williamssolutionpro.vercel.appx/williams20logo3transparent20bgroundpng@2x.png”
2024-09-04, 2:07:30 PM - HISTORY: Downloaded “https://williamssolutionpro.vercel.app/frame-6@2x.png”, referred from “/Users/drgachet/Library/CloudStorage/GoogleDrive-peanutsonpineapple@gmail.com/My Drive/KISSTECH/WILLIAMS/Sept_4_2024_Code/williamssolutionpro.vercel.appx/index.html”, to “/Users/drgachet/Library/CloudStorage/GoogleDrive-peanutsonpineapple@gmail.com/My Drive/KISSTECH/WILLIAMS/Sept_4_2024_Code/williamssolutionpro.vercel.appx/frame-6@2x.png”
2024-09-04, 2:07:30 PM - MEDIA TYPE: “https://williamssolutionpro.vercel.app/frame-7@2x.png” has a media type of image/png
2024-09-04, 2:07:30 PM - WARNING: File name is “frame-7@2x.png” from HTTP header for “https://williamssolutionpro.vercel.app/frame-7@2x.png”
2024-09-04, 2:07:30 PM - MEDIA TYPE: “https://williamssolutionpro.vercel.app/frame-9@2x.png” has a media type of image/png
2024-09-04, 2:07:30 PM - WARNING: File name is “frame-9@2x.png” from HTTP header for “https://williamssolutionpro.vercel.app/frame-9@2x.png”
2024-09-04, 2:07:30 PM - MEDIA TYPE: “https://williamssolutionpro.vercel.app/_next/static/chunks/polyfills-78c92fac7aa8fdd8.js” has a media type of application/javascript
2024-09-04, 2:07:30 PM - WARNING: File name is “polyfills-78c92fac7aa8fdd8.js” from HTTP header for “https://williamssolutionpro.vercel.app/_next/static/chunks/polyfills-78c92fac7aa8fdd8.js”
2024-09-04, 2:07:30 PM - MEDIA TYPE: “https://williamssolutionpro.vercel.app/_next/static/chunks/main-22c448dfb58825f6.js” has a media type of application/javascript
2024-09-04, 2:07:30 PM - WARNING: File name is “main-22c448dfb58825f6.js” from HTTP header for “https://williamssolutionpro.vercel.app/_next/static/chunks/main-22c448dfb58825f6.js”
2024-09-04, 2:07:31 PM - MEDIA TYPE: “https://williamssolutionpro.vercel.app/_next/static/-_iya7zGOXLPHoaQ2EfbM/_buildManifest.js” has a media type of application/javascript
2024-09-04, 2:07:31 PM - WARNING: File name is “_buildManifest.js” from HTTP header for “https://williamssolutionpro.vercel.app/_next/static/-_iya7zGOXLPHoaQ2EfbM/_buildManifest.js”
2024-09-04, 2:07:31 PM - MEDIA TYPE: “https://williamssolutionpro.vercel.app/_next/static/chunks/pages/_app-a64a473c9f723d7c.js” has a media type of application/javascript
2024-09-04, 2:07:31 PM - WARNING: File name is “_app-a64a473c9f723d7c.js” from HTTP header for “https://williamssolutionpro.vercel.app/_next/static/chunks/pages/_app-a64a473c9f723d7c.js”
2024-09-04, 2:07:31 PM - MEDIA TYPE: “https://williamssolutionpro.vercel.app/_next/static/chunks/pages/index-e3d1d557ef14fd01.js” has a media type of application/javascript
2024-09-04, 2:07:31 PM - WARNING: File name is “index-e3d1d557ef14fd01.js” from HTTP header for “https://williamssolutionpro.vercel.app/_next/static/chunks/pages/index-e3d1d557ef14fd01.js”
2024-09-04, 2:07:31 PM - MEDIA TYPE: “https://williamssolutionpro.vercel.app/_next/static/chunks/webpack-8fa1640cc84ba8fe.js” has a media type of application/javascript
2024-09-04, 2:07:31 PM - WARNING: File name is “webpack-8fa1640cc84ba8fe.js” from HTTP header for “https://williamssolutionpro.vercel.app/_next/static/chunks/webpack-8fa1640cc84ba8fe.js”
2024-09-04, 2:07:31 PM - MEDIA TYPE: “https://williamssolutionpro.vercel.app/_next/static/chunks/framework-ecc4130bc7a58a64.js” has a media type of application/javascript
2024-09-04, 2:07:31 PM - WARNING: File name is “framework-ecc4130bc7a58a64.js” from HTTP header for “https://williamssolutionpro.vercel.app/_next/static/chunks/framework-ecc4130bc7a58a64.js”
2024-09-04, 2:07:31 PM - MEDIA TYPE: “https://williamssolutionpro.vercel.app/_next/static/-_iya7zGOXLPHoaQ2EfbM/_ssgManifest.js” has a media type of application/javascript
2024-09-04, 2:07:31 PM - WARNING: File name is “_ssgManifest.js” from HTTP header for “https://williamssolutionpro.vercel.app/_next/static/-_iya7zGOXLPHoaQ2EfbM/_ssgManifest.js”
2024-09-04, 2:07:31 PM - MEDIA TYPE: “https://williamssolutionpro.vercel.app/_next/static/css/242ef228f363d12c.css” has a media type of text/css
2024-09-04, 2:07:31 PM - WARNING: File name is “242ef228f363d12c.css” from HTTP header for “https://williamssolutionpro.vercel.app/_next/static/css/242ef228f363d12c.css”
2024-09-04, 2:07:31 PM - HISTORY: Downloaded “https://williamssolutionpro.vercel.app/frame-9@2x.png”, referred from “/Users/drgachet/Library/CloudStorage/GoogleDrive-peanutsonpineapple@gmail.com/My Drive/KISSTECH/WILLIAMS/Sept_4_2024_Code/williamssolutionpro.vercel.appx/index.html”, to “/Users/drgachet/Library/CloudStorage/GoogleDrive-peanutsonpineapple@gmail.com/My Drive/KISSTECH/WILLIAMS/Sept_4_2024_Code/williamssolutionpro.vercel.appx/frame-9@2x.png”
2024-09-04, 2:07:31 PM - HISTORY: Downloaded “https://williamssolutionpro.vercel.app/_next/static/-_iya7zGOXLPHoaQ2EfbM/_buildManifest.js”, referred from “/Users/drgachet/Library/CloudStorage/GoogleDrive-peanutsonpineapple@gmail.com/My Drive/KISSTECH/WILLIAMS/Sept_4_2024_Code/williamssolutionpro.vercel.appx/index.html”, to “/Users/drgachet/Library/CloudStorage/GoogleDrive-peanutsonpineapple@gmail.com/My Drive/KISSTECH/WILLIAMS/Sept_4_2024_Code/williamssolutionpro.vercel.appx/_next/static/-_iya7zGOXLPHoaQ2EfbM/_buildManifest.js”
2024-09-04, 2:07:31 PM - HISTORY: Downloaded “https://williamssolutionpro.vercel.app/_next/static/chunks/pages/_app-a64a473c9f723d7c.js”, referred from “/Users/drgachet/Library/CloudStorage/GoogleDrive-peanutsonpineapple@gmail.com/My Drive/KISSTECH/WILLIAMS/Sept_4_2024_Code/williamssolutionpro.vercel.appx/index.html”, to “/Users/drgachet/Library/CloudStorage/GoogleDrive-peanutsonpineapple@gmail.com/My Drive/KISSTECH/WILLIAMS/Sept_4_2024_Code/williamssolutionpro.vercel.appx/_next/static/chunks/pages/_app-a64a473c9f723d7c.js”
2024-09-04, 2:07:31 PM - HISTORY: Downloaded “https://williamssolutionpro.vercel.app/_next/static/chunks/pages/index-e3d1d557ef14fd01.js”, referred from “/Users/drgachet/Library/CloudStorage/GoogleDrive-peanutsonpineapple@gmail.com/My Drive/KISSTECH/WILLIAMS/Sept_4_2024_Code/williamssolutionpro.vercel.appx/index.html”, to “/Users/drgachet/Library/CloudStorage/GoogleDrive-peanutsonpineapple@gmail.com/My Drive/KISSTECH/WILLIAMS/Sept_4_2024_Code/williamssolutionpro.vercel.appx/_next/static/chunks/pages/index-e3d1d557ef14fd01.js”
2024-09-04, 2:07:31 PM - HISTORY: Downloaded “https://williamssolutionpro.vercel.app/_next/static/chunks/webpack-8fa1640cc84ba8fe.js”, referred from “/Users/drgachet/Library/CloudStorage/GoogleDrive-peanutsonpineapple@gmail.com/My Drive/KISSTECH/WILLIAMS/Sept_4_2024_Code/williamssolutionpro.vercel.appx/index.html”, to “/Users/drgachet/Library/CloudStorage/GoogleDrive-peanutsonpineapple@gmail.com/My Drive/KISSTECH/WILLIAMS/Sept_4_2024_Code/williamssolutionpro.vercel.appx/_next/static/chunks/webpack-8fa1640cc84ba8fe.js”
2024-09-04, 2:07:31 PM - HISTORY: Downloaded “https://williamssolutionpro.vercel.app/frame-7@2x.png”, referred from “/Users/drgachet/Library/CloudStorage/GoogleDrive-peanutsonpineapple@gmail.com/My Drive/KISSTECH/WILLIAMS/Sept_4_2024_Code/williamssolutionpro.vercel.appx/index.html”, to “/Users/drgachet/Library/CloudStorage/GoogleDrive-peanutsonpineapple@gmail.com/My Drive/KISSTECH/WILLIAMS/Sept_4_2024_Code/williamssolutionpro.vercel.appx/frame-7@2x.png”
2024-09-04, 2:07:31 PM - HISTORY: Downloaded “https://williamssolutionpro.vercel.app/_next/static/chunks/polyfills-78c92fac7aa8fdd8.js”, referred from “/Users/drgachet/Library/CloudStorage/GoogleDrive-peanutsonpineapple@gmail.com/My Drive/KISSTECH/WILLIAMS/Sept_4_2024_Code/williamssolutionpro.vercel.appx/index.html”, to “/Users/drgachet/Library/CloudStorage/GoogleDrive-peanutsonpineapple@gmail.com/My Drive/KISSTECH/WILLIAMS/Sept_4_2024_Code/williamssolutionpro.vercel.appx/_next/static/chunks/polyfills-78c92fac7aa8fdd8.js”
2024-09-04, 2:07:31 PM - HISTORY: Downloaded “https://williamssolutionpro.vercel.app/_next/static/-_iya7zGOXLPHoaQ2EfbM/_ssgManifest.js”, referred from “/Users/drgachet/Library/CloudStorage/GoogleDrive-peanutsonpineapple@gmail.com/My Drive/KISSTECH/WILLIAMS/Sept_4_2024_Code/williamssolutionpro.vercel.appx/index.html”, to “/Users/drgachet/Library/CloudStorage/GoogleDrive-peanutsonpineapple@gmail.com/My Drive/KISSTECH/WILLIAMS/Sept_4_2024_Code/williamssolutionpro.vercel.appx/_next/static/-_iya7zGOXLPHoaQ2EfbM/_ssgManifest.js”
2024-09-04, 2:07:31 PM - HISTORY: Downloaded “https://williamssolutionpro.vercel.app/_next/static/css/242ef228f363d12c.css”, referred from “/Users/drgachet/Library/CloudStorage/GoogleDrive-peanutsonpineapple@gmail.com/My Drive/KISSTECH/WILLIAMS/Sept_4_2024_Code/williamssolutionpro.vercel.appx/index.html”, to “/Users/drgachet/Library/CloudStorage/GoogleDrive-peanutsonpineapple@gmail.com/My Drive/KISSTECH/WILLIAMS/Sept_4_2024_Code/williamssolutionpro.vercel.appx/_next/static/css/242ef228f363d12c.css”
2024-09-04, 2:07:31 PM - HISTORY: Downloaded “https://williamssolutionpro.vercel.app/_next/static/chunks/main-22c448dfb58825f6.js”, referred from “/Users/drgachet/Library/CloudStorage/GoogleDrive-peanutsonpineapple@gmail.com/My Drive/KISSTECH/WILLIAMS/Sept_4_2024_Code/williamssolutionpro.vercel.appx/index.html”, to “/Users/drgachet/Library/CloudStorage/GoogleDrive-peanutsonpineapple@gmail.com/My Drive/KISSTECH/WILLIAMS/Sept_4_2024_Code/williamssolutionpro.vercel.appx/_next/static/chunks/main-22c448dfb58825f6.js”
2024-09-04, 2:07:31 PM - HISTORY: Downloaded “https://williamssolutionpro.vercel.app/_next/static/chunks/framework-ecc4130bc7a58a64.js”, referred from “/Users/drgachet/Library/CloudStorage/GoogleDrive-peanutsonpineapple@gmail.com/My Drive/KISSTECH/WILLIAMS/Sept_4_2024_Code/williamssolutionpro.vercel.appx/index.html”, to “/Users/drgachet/Library/CloudStorage/GoogleDrive-peanutsonpineapple@gmail.com/My Drive/KISSTECH/WILLIAMS/Sept_4_2024_Code/williamssolutionpro.vercel.appx/_next/static/chunks/framework-ecc4130bc7a58a64.js”
2024-09-04, 2:07:31 PM - MEDIA TYPE: “https://williamssolutionpro.vercel.app/photo-2@2x.png” has a media type of image/png
2024-09-04, 2:07:31 PM - WARNING: File name is “photo-2@2x.png” from HTTP header for “https://williamssolutionpro.vercel.app/photo-2@2x.png”
2024-09-04, 2:07:31 PM - MEDIA TYPE: “https://williamssolutionpro.vercel.app/photo-1@2x.png” has a media type of image/png
2024-09-04, 2:07:31 PM - WARNING: File name is “photo-1@2x.png” from HTTP header for “https://williamssolutionpro.vercel.app/photo-1@2x.png”
2024-09-04, 2:07:31 PM - MEDIA TYPE: “https://williamssolutionpro.vercel.app/photo@2x.png” has a media type of image/png
2024-09-04, 2:07:31 PM - WARNING: File name is “photo@2x.png” from HTTP header for “https://williamssolutionpro.vercel.app/photo@2x.png”
2024-09-04, 2:07:31 PM - MEDIA TYPE: “https://williamssolutionpro.vercel.app/photo-3@2x.png” has a media type of image/png
2024-09-04, 2:07:31 PM - WARNING: File name is “photo-3@2x.png” from HTTP header for “https://williamssolutionpro.vercel.app/photo-3@2x.png”
2024-09-04, 2:07:31 PM - MEDIA TYPE: “https://williamssolutionpro.vercel.app/buttons--icon-1@2x.png” has a media type of image/png
2024-09-04, 2:07:31 PM - WARNING: File name is “buttons--icon-1@2x.png” from HTTP header for “https://williamssolutionpro.vercel.app/buttons--icon-1@2x.png”
2024-09-04, 2:07:31 PM - HISTORY: Downloaded “https://williamssolutionpro.vercel.app/buttons--icon-1@2x.png”, referred from “/Users/drgachet/Library/CloudStorage/GoogleDrive-peanutsonpineapple@gmail.com/My Drive/KISSTECH/WILLIAMS/Sept_4_2024_Code/williamssolutionpro.vercel.appx/index.html”, to “/Users/drgachet/Library/CloudStorage/GoogleDrive-peanutsonpineapple@gmail.com/My Drive/KISSTECH/WILLIAMS/Sept_4_2024_Code/williamssolutionpro.vercel.appx/buttons--icon-1@2x.png”
2024-09-04, 2:07:31 PM - MEDIA TYPE: “https://williamssolutionpro.vercel.app/buttons--icon@2x.png” has a media type of image/png
2024-09-04, 2:07:31 PM - WARNING: File name is “buttons--icon@2x.png” from HTTP header for “https://williamssolutionpro.vercel.app/buttons--icon@2x.png”
2024-09-04, 2:07:31 PM - HISTORY: Downloaded “https://williamssolutionpro.vercel.app/buttons--icon@2x.png”, referred from “/Users/drgachet/Library/CloudStorage/GoogleDrive-peanutsonpineapple@gmail.com/My Drive/KISSTECH/WILLIAMS/Sept_4_2024_Code/williamssolutionpro.vercel.appx/index.html”, to “/Users/drgachet/Library/CloudStorage/GoogleDrive-peanutsonpineapple@gmail.com/My Drive/KISSTECH/WILLIAMS/Sept_4_2024_Code/williamssolutionpro.vercel.appx/buttons--icon@2x.png”
2024-09-04, 2:07:31 PM - MEDIA TYPE: “https://williamssolutionpro.vercel.app/williams20logo3transparent20bgroundpng-1@2x.png” has a media type of image/png
2024-09-04, 2:07:31 PM - WARNING: File name is “williams20logo3transparent20bgroundpng-1@2x.png” from HTTP header for “https://williamssolutionpro.vercel.app/williams20logo3transparent20bgroundpng-1@2x.png”
2024-09-04, 2:07:31 PM - MEDIA TYPE: “https://williamssolutionpro.vercel.app/buttons--icon-2@2x.png” has a media type of image/png
2024-09-04, 2:07:31 PM - WARNING: File name is “buttons--icon-2@2x.png” from HTTP header for “https://williamssolutionpro.vercel.app/buttons--icon-2@2x.png”
2024-09-04, 2:07:31 PM - MEDIA TYPE: “https://williamssolutionpro.vercel.app/frame-8@2x.png” has a media type of image/png
2024-09-04, 2:07:31 PM - WARNING: File name is “frame-8@2x.png” from HTTP header for “https://williamssolutionpro.vercel.app/frame-8@2x.png”
2024-09-04, 2:07:31 PM - HISTORY: Downloaded “https://williamssolutionpro.vercel.app/williams20logo3transparent20bgroundpng-1@2x.png”, referred from “/Users/drgachet/Library/CloudStorage/GoogleDrive-peanutsonpineapple@gmail.com/My Drive/KISSTECH/WILLIAMS/Sept_4_2024_Code/williamssolutionpro.vercel.appx/index.html”, to “/Users/drgachet/Library/CloudStorage/GoogleDrive-peanutsonpineapple@gmail.com/My Drive/KISSTECH/WILLIAMS/Sept_4_2024_Code/williamssolutionpro.vercel.appx/williams20logo3transparent20bgroundpng-1@2x.png”
2024-09-04, 2:07:31 PM - HISTORY: Downloaded “https://williamssolutionpro.vercel.app/buttons--icon-2@2x.png”, referred from “/Users/drgachet/Library/CloudStorage/GoogleDrive-peanutsonpineapple@gmail.com/My Drive/KISSTECH/WILLIAMS/Sept_4_2024_Code/williamssolutionpro.vercel.appx/index.html”, to “/Users/drgachet/Library/CloudStorage/GoogleDrive-peanutsonpineapple@gmail.com/My Drive/KISSTECH/WILLIAMS/Sept_4_2024_Code/williamssolutionpro.vercel.appx/buttons--icon-2@2x.png”
2024-09-04, 2:07:31 PM - MEDIA TYPE: “https://williamssolutionpro.vercel.app/arrow-forward.svg” has a media type of image/svg+xml
2024-09-04, 2:07:31 PM - WARNING: File name is “arrow-forward.svg” from HTTP header for “https://williamssolutionpro.vercel.app/arrow-forward.svg”
2024-09-04, 2:07:31 PM - HISTORY: Downloaded “https://williamssolutionpro.vercel.app/arrow-forward.svg”, referred from “/Users/drgachet/Library/CloudStorage/GoogleDrive-peanutsonpineapple@gmail.com/My Drive/KISSTECH/WILLIAMS/Sept_4_2024_Code/williamssolutionpro.vercel.appx/index.html”, to “/Users/drgachet/Library/CloudStorage/GoogleDrive-peanutsonpineapple@gmail.com/My Drive/KISSTECH/WILLIAMS/Sept_4_2024_Code/williamssolutionpro.vercel.appx/arrow-forward.svg”
2024-09-04, 2:07:31 PM - MEDIA TYPE: “https://williamssolutionpro.vercel.app/williams-logging.png” has a media type of image/png
2024-09-04, 2:07:31 PM - WARNING: File name is “williams-logging.png” from HTTP header for “https://williamssolutionpro.vercel.app/williams-logging.png”
2024-09-04, 2:07:31 PM - HISTORY: Downloaded “https://williamssolutionpro.vercel.app/frame-8@2x.png”, referred from “/Users/drgachet/Library/CloudStorage/GoogleDrive-peanutsonpineapple@gmail.com/My Drive/KISSTECH/WILLIAMS/Sept_4_2024_Code/williamssolutionpro.vercel.appx/index.html”, to “/Users/drgachet/Library/CloudStorage/GoogleDrive-peanutsonpineapple@gmail.com/My Drive/KISSTECH/WILLIAMS/Sept_4_2024_Code/williamssolutionpro.vercel.appx/frame-8@2x.png”
2024-09-04, 2:07:31 PM - HISTORY: Downloaded “https://williamssolutionpro.vercel.app/photo-1@2x.png”, referred from “/Users/drgachet/Library/CloudStorage/GoogleDrive-peanutsonpineapple@gmail.com/My Drive/KISSTECH/WILLIAMS/Sept_4_2024_Code/williamssolutionpro.vercel.appx/index.html”, to “/Users/drgachet/Library/CloudStorage/GoogleDrive-peanutsonpineapple@gmail.com/My Drive/KISSTECH/WILLIAMS/Sept_4_2024_Code/williamssolutionpro.vercel.appx/photo-1@2x.png”
2024-09-04, 2:07:31 PM - HISTORY: Downloaded “https://williamssolutionpro.vercel.app/photo-3@2x.png”, referred from “/Users/drgachet/Library/CloudStorage/GoogleDrive-peanutsonpineapple@gmail.com/My Drive/KISSTECH/WILLIAMS/Sept_4_2024_Code/williamssolutionpro.vercel.appx/index.html”, to “/Users/drgachet/Library/CloudStorage/GoogleDrive-peanutsonpineapple@gmail.com/My Drive/KISSTECH/WILLIAMS/Sept_4_2024_Code/williamssolutionpro.vercel.appx/photo-3@2x.png”
2024-09-04, 2:07:31 PM - MEDIA TYPE: “https://williamssolutionpro.vercel.app/solarphonelinear.svg” has a media type of image/svg+xml
2024-09-04, 2:07:31 PM - WARNING: File name is “solarphonelinear.svg” from HTTP header for “https://williamssolutionpro.vercel.app/solarphonelinear.svg”
2024-09-04, 2:07:31 PM - HISTORY: Downloaded “https://williamssolutionpro.vercel.app/photo@2x.png”, referred from “/Users/drgachet/Library/CloudStorage/GoogleDrive-peanutsonpineapple@gmail.com/My Drive/KISSTECH/WILLIAMS/Sept_4_2024_Code/williamssolutionpro.vercel.appx/index.html”, to “/Users/drgachet/Library/CloudStorage/GoogleDrive-peanutsonpineapple@gmail.com/My Drive/KISSTECH/WILLIAMS/Sept_4_2024_Code/williamssolutionpro.vercel.appx/photo@2x.png”
2024-09-04, 2:07:31 PM - HISTORY: Downloaded “https://williamssolutionpro.vercel.app/solarphonelinear.svg”, referred from “/Users/drgachet/Library/CloudStorage/GoogleDrive-peanutsonpineapple@gmail.com/My Drive/KISSTECH/WILLIAMS/Sept_4_2024_Code/williamssolutionpro.vercel.appx/index.html”, to “/Users/drgachet/Library/CloudStorage/GoogleDrive-peanutsonpineapple@gmail.com/My Drive/KISSTECH/WILLIAMS/Sept_4_2024_Code/williamssolutionpro.vercel.appx/solarphonelinear.svg”
2024-09-04, 2:07:31 PM - MEDIA TYPE: “https://williamssolutionpro.vercel.app/svg.svg” has a media type of image/svg+xml
2024-09-04, 2:07:31 PM - WARNING: File name is “svg.svg” from HTTP header for “https://williamssolutionpro.vercel.app/svg.svg”
2024-09-04, 2:07:31 PM - HISTORY: Downloaded “https://williamssolutionpro.vercel.app/svg.svg”, referred from “/Users/drgachet/Library/CloudStorage/GoogleDrive-peanutsonpineapple@gmail.com/My Drive/KISSTECH/WILLIAMS/Sept_4_2024_Code/williamssolutionpro.vercel.appx/index.html”, to “/Users/drgachet/Library/CloudStorage/GoogleDrive-peanutsonpineapple@gmail.com/My Drive/KISSTECH/WILLIAMS/Sept_4_2024_Code/williamssolutionpro.vercel.appx/svg.svg”
2024-09-04, 2:07:31 PM - HISTORY: Downloaded “https://williamssolutionpro.vercel.app/photo-2@2x.png”, referred from “/Users/drgachet/Library/CloudStorage/GoogleDrive-peanutsonpineapple@gmail.com/My Drive/KISSTECH/WILLIAMS/Sept_4_2024_Code/williamssolutionpro.vercel.appx/index.html”, to “/Users/drgachet/Library/CloudStorage/GoogleDrive-peanutsonpineapple@gmail.com/My Drive/KISSTECH/WILLIAMS/Sept_4_2024_Code/williamssolutionpro.vercel.appx/photo-2@2x.png”
2024-09-04, 2:07:31 PM - HISTORY: Downloaded “https://williamssolutionpro.vercel.app/williams-logging.png”, referred from “/Users/drgachet/Library/CloudStorage/GoogleDrive-peanutsonpineapple@gmail.com/My Drive/KISSTECH/WILLIAMS/Sept_4_2024_Code/williamssolutionpro.vercel.appx/index.html”, to “/Users/drgachet/Library/CloudStorage/GoogleDrive-peanutsonpineapple@gmail.com/My Drive/KISSTECH/WILLIAMS/Sept_4_2024_Code/williamssolutionpro.vercel.appx/williams-logging.png”
2024-09-04, 2:07:31 PM - MEDIA TYPE: “https://williamssolutionpro.vercel.app/buttons--icon-3@2x.png” has a media type of image/png
2024-09-04, 2:07:31 PM - WARNING: File name is “buttons--icon-3@2x.png” from HTTP header for “https://williamssolutionpro.vercel.app/buttons--icon-3@2x.png”
2024-09-04, 2:07:31 PM - HISTORY: Downloaded “https://williamssolutionpro.vercel.app/buttons--icon-3@2x.png”, referred from “/Users/drgachet/Library/CloudStorage/GoogleDrive-peanutsonpineapple@gmail.com/My Drive/KISSTECH/WILLIAMS/Sept_4_2024_Code/williamssolutionpro.vercel.appx/index.html”, to “/Users/drgachet/Library/CloudStorage/GoogleDrive-peanutsonpineapple@gmail.com/My Drive/KISSTECH/WILLIAMS/Sept_4_2024_Code/williamssolutionpro.vercel.appx/buttons--icon-3@2x.png”
2024-09-04, 2:07:31 PM - HISTORY: Downloaded “https://fonts.googleapis.com/robots.txt” to “/Users/drgachet/Library/CloudStorage/GoogleDrive-peanutsonpineapple@gmail.com/My Drive/KISSTECH/WILLIAMS/Sept_4_2024_Code/fonts.googleapis.com/robots.ssl.txt”
2024-09-04, 2:07:31 PM - MEDIA TYPE: “https://fonts.googleapis.com/css2?family=Merriweather:wght@400;700&display=swap” has a media type of text/css
2024-09-04, 2:07:31 PM - HISTORY: Downloaded “https://fonts.googleapis.com/css2?family=Merriweather:wght@400;700&display=swap”, referred from “/Users/drgachet/Library/CloudStorage/GoogleDrive-peanutsonpineapple@gmail.com/My Drive/KISSTECH/WILLIAMS/Sept_4_2024_Code/williamssolutionpro.vercel.appx/_next/static/css/242ef228f363d12c.css”, to “/Users/drgachet/Library/CloudStorage/GoogleDrive-peanutsonpineapple@gmail.com/My Drive/KISSTECH/WILLIAMS/Sept_4_2024_Code/fonts.googleapis.com/css2/index﹖family=Merriweather﹕wght@400﹔700&display=swap.css”
2024-09-04, 2:07:31 PM - MEDIA TYPE: “https://fonts.googleapis.com/css2?family=Work+Sans:wght@400&display=swap” has a media type of text/css
2024-09-04, 2:07:31 PM - MEDIA TYPE: “https://fonts.googleapis.com/css2?family=Ledger&display=swap” has a media type of text/css
2024-09-04, 2:07:31 PM - HISTORY: Downloaded “https://fonts.googleapis.com/css2?family=Work+Sans:wght@400&display=swap”, referred from “/Users/drgachet/Library/CloudStorage/GoogleDrive-peanutsonpineapple@gmail.com/My Drive/KISSTECH/WILLIAMS/Sept_4_2024_Code/williamssolutionpro.vercel.appx/_next/static/css/242ef228f363d12c.css”, to “/Users/drgachet/Library/CloudStorage/GoogleDrive-peanutsonpineapple@gmail.com/My Drive/KISSTECH/WILLIAMS/Sept_4_2024_Code/fonts.googleapis.com/css2/index﹖family=Work+Sans﹕wght@400&display=swap.css”
2024-09-04, 2:07:31 PM - HISTORY: Downloaded “https://fonts.googleapis.com/css2?family=Ledger&display=swap”, referred from “/Users/drgachet/Library/CloudStorage/GoogleDrive-peanutsonpineapple@gmail.com/My Drive/KISSTECH/WILLIAMS/Sept_4_2024_Code/williamssolutionpro.vercel.appx/_next/static/css/242ef228f363d12c.css”, to “/Users/drgachet/Library/CloudStorage/GoogleDrive-peanutsonpineapple@gmail.com/My Drive/KISSTECH/WILLIAMS/Sept_4_2024_Code/fonts.googleapis.com/css2/index﹖family=Ledger&display=swap.css”
2024-09-04, 2:07:31 PM - MEDIA TYPE: “https://fonts.googleapis.com/css2?family=DM+Sans:wght@400;700&display=swap” has a media type of text/css
2024-09-04, 2:07:31 PM - HISTORY: Downloaded “https://fonts.googleapis.com/css2?family=DM+Sans:wght@400;700&display=swap”, referred from “/Users/drgachet/Library/CloudStorage/GoogleDrive-peanutsonpineapple@gmail.com/My Drive/KISSTECH/WILLIAMS/Sept_4_2024_Code/williamssolutionpro.vercel.appx/_next/static/css/242ef228f363d12c.css”, to “/Users/drgachet/Library/CloudStorage/GoogleDrive-peanutsonpineapple@gmail.com/My Drive/KISSTECH/WILLIAMS/Sept_4_2024_Code/fonts.googleapis.com/css2/index﹖family=DM+Sans﹕wght@400﹔700&display=swap.css”
2024-09-04, 2:07:31 PM - MEDIA TYPE: “https://fonts.googleapis.com/css2?family=Inter:wght@400;700&display=swap” has a media type of text/css
2024-09-04, 2:07:31 PM - HISTORY: Downloaded “https://fonts.googleapis.com/css2?family=Inter:wght@400;700&display=swap”, referred from “/Users/drgachet/Library/CloudStorage/GoogleDrive-peanutsonpineapple@gmail.com/My Drive/KISSTECH/WILLIAMS/Sept_4_2024_Code/williamssolutionpro.vercel.appx/_next/static/css/242ef228f363d12c.css”, to “/Users/drgachet/Library/CloudStorage/GoogleDrive-peanutsonpineapple@gmail.com/My Drive/KISSTECH/WILLIAMS/Sept_4_2024_Code/fonts.googleapis.com/css2/index﹖family=Inter﹕wght@400﹔700&display=swap.css”
2024-09-04, 2:07:31 PM - WARNING: Download of “https://fonts.gstatic.com/robots.txt” failed with error code 404 (not found)
2024-09-04, 2:07:31 PM - MEDIA TYPE: “https://fonts.gstatic.com/s/worksans/v19/QGY_z_wNahGAdqQ43RhVcIgYT2Xz5u32K0nXBiAJoI3ZKyHaQfhf.woff” has a media type of font/woff
2024-09-04, 2:07:31 PM - HISTORY: Downloaded “https://fonts.gstatic.com/s/worksans/v19/QGY_z_wNahGAdqQ43RhVcIgYT2Xz5u32K0nXBiAJoI3ZKyHaQfhf.woff”, referred from “/Users/drgachet/Library/CloudStorage/GoogleDrive-peanutsonpineapple@gmail.com/My Drive/KISSTECH/WILLIAMS/Sept_4_2024_Code/fonts.googleapis.com/css2/index﹖family=Work+Sans﹕wght@400&display=swap.css”, to “/Users/drgachet/Library/CloudStorage/GoogleDrive-peanutsonpineapple@gmail.com/My Drive/KISSTECH/WILLIAMS/Sept_4_2024_Code/fonts.gstatic.com/s/worksans/v19/QGY_z_wNahGAdqQ43RhVcIgYT2Xz5u32K0nXBiAJoI3ZKyHaQfhf.woff”
2024-09-04, 2:07:31 PM - MEDIA TYPE: “https://fonts.gstatic.com/s/worksans/v19/QGY_z_wNahGAdqQ43RhVcIgYT2Xz5u32K0nXBiEJoI3ZKyHaQfhf.woff” has a media type of font/woff
2024-09-04, 2:07:31 PM - HISTORY: Downloaded “https://fonts.gstatic.com/s/worksans/v19/QGY_z_wNahGAdqQ43RhVcIgYT2Xz5u32K0nXBiEJoI3ZKyHaQfhf.woff”, referred from “/Users/drgachet/Library/CloudStorage/GoogleDrive-peanutsonpineapple@gmail.com/My Drive/KISSTECH/WILLIAMS/Sept_4_2024_Code/fonts.googleapis.com/css2/index﹖family=Work+Sans﹕wght@400&display=swap.css”, to “/Users/drgachet/Library/CloudStorage/GoogleDrive-peanutsonpineapple@gmail.com/My Drive/KISSTECH/WILLIAMS/Sept_4_2024_Code/fonts.gstatic.com/s/worksans/v19/QGY_z_wNahGAdqQ43RhVcIgYT2Xz5u32K0nXBiEJoI3ZKyHaQfhf.woff”
2024-09-04, 2:07:31 PM - MEDIA TYPE: “https://fonts.gstatic.com/s/merriweather/v30/u-440qyriQwlOrhSvowK_l5-cSZMdeX3rsHo.woff2” has a media type of font/woff2
2024-09-04, 2:07:31 PM - MEDIA TYPE: “https://fonts.gstatic.com/s/merriweather/v30/u-4n0qyriQwlOrhSvowK_l52xwNZV8f6hPvhPUWH.woff2” has a media type of font/woff2
2024-09-04, 2:07:31 PM - HISTORY: Downloaded “https://fonts.gstatic.com/s/merriweather/v30/u-440qyriQwlOrhSvowK_l5-cSZMdeX3rsHo.woff2”, referred from “/Users/drgachet/Library/CloudStorage/GoogleDrive-peanutsonpineapple@gmail.com/My Drive/KISSTECH/WILLIAMS/Sept_4_2024_Code/fonts.googleapis.com/css2/index﹖family=Merriweather﹕wght@400﹔700&display=swap.css”, to “/Users/drgachet/Library/CloudStorage/GoogleDrive-peanutsonpineapple@gmail.com/My Drive/KISSTECH/WILLIAMS/Sept_4_2024_Code/fonts.gstatic.com/s/merriweather/v30/u-440qyriQwlOrhSvowK_l5-cSZMdeX3rsHo.woff2”
2024-09-04, 2:07:31 PM - HISTORY: Downloaded “https://fonts.gstatic.com/s/merriweather/v30/u-4n0qyriQwlOrhSvowK_l52xwNZV8f6hPvhPUWH.woff2”, referred from “/Users/drgachet/Library/CloudStorage/GoogleDrive-peanutsonpineapple@gmail.com/My Drive/KISSTECH/WILLIAMS/Sept_4_2024_Code/fonts.googleapis.com/css2/index﹖family=Merriweather﹕wght@400﹔700&display=swap.css”, to “/Users/drgachet/Library/CloudStorage/GoogleDrive-peanutsonpineapple@gmail.com/My Drive/KISSTECH/WILLIAMS/Sept_4_2024_Code/fonts.gstatic.com/s/merriweather/v30/u-4n0qyriQwlOrhSvowK_l52xwNZV8f6hPvhPUWH.woff2”
2024-09-04, 2:07:31 PM - MEDIA TYPE: “https://fonts.gstatic.com/s/merriweather/v30/u-440qyriQwlOrhSvowK_l5-eCZMdeX3rsHo.woff2” has a media type of font/woff2
2024-09-04, 2:07:31 PM - HISTORY: Downloaded “https://fonts.gstatic.com/s/merriweather/v30/u-440qyriQwlOrhSvowK_l5-eCZMdeX3rsHo.woff2”, referred from “/Users/drgachet/Library/CloudStorage/GoogleDrive-peanutsonpineapple@gmail.com/My Drive/KISSTECH/WILLIAMS/Sept_4_2024_Code/fonts.googleapis.com/css2/index﹖family=Merriweather﹕wght@400﹔700&display=swap.css”, to “/Users/drgachet/Library/CloudStorage/GoogleDrive-peanutsonpineapple@gmail.com/My Drive/KISSTECH/WILLIAMS/Sept_4_2024_Code/fonts.gstatic.com/s/merriweather/v30/u-440qyriQwlOrhSvowK_l5-eCZMdeX3rsHo.woff2”
2024-09-04, 2:07:31 PM - MEDIA TYPE: “https://fonts.gstatic.com/s/merriweather/v30/u-4n0qyriQwlOrhSvowK_l52xwNZXMf6hPvhPUWH.woff2” has a media type of font/woff2
2024-09-04, 2:07:31 PM - MEDIA TYPE: “https://fonts.gstatic.com/s/worksans/v19/QGY_z_wNahGAdqQ43RhVcIgYT2Xz5u32K0nXBi8JoI3ZKyHaQQ.woff” has a media type of font/woff
2024-09-04, 2:07:31 PM - MEDIA TYPE: “https://fonts.gstatic.com/s/merriweather/v30/u-440qyriQwlOrhSvowK_l5-cyZMdeX3rsHo.woff2” has a media type of font/woff2
2024-09-04, 2:07:31 PM - MEDIA TYPE: “https://fonts.gstatic.com/s/merriweather/v30/u-440qyriQwlOrhSvowK_l5-ciZMdeX3rsHo.woff2” has a media type of font/woff2
2024-09-04, 2:07:31 PM - HISTORY: Downloaded “https://fonts.gstatic.com/s/merriweather/v30/u-4n0qyriQwlOrhSvowK_l52xwNZXMf6hPvhPUWH.woff2”, referred from “/Users/drgachet/Library/CloudStorage/GoogleDrive-peanutsonpineapple@gmail.com/My Drive/KISSTECH/WILLIAMS/Sept_4_2024_Code/fonts.googleapis.com/css2/index﹖family=Merriweather﹕wght@400﹔700&display=swap.css”, to “/Users/drgachet/Library/CloudStorage/GoogleDrive-peanutsonpineapple@gmail.com/My Drive/KISSTECH/WILLIAMS/Sept_4_2024_Code/fonts.gstatic.com/s/merriweather/v30/u-4n0qyriQwlOrhSvowK_l52xwNZXMf6hPvhPUWH.woff2”
2024-09-04, 2:07:31 PM - HISTORY: Downloaded “https://fonts.gstatic.com/s/merriweather/v30/u-440qyriQwlOrhSvowK_l5-cyZMdeX3rsHo.woff2”, referred from “/Users/drgachet/Library/CloudStorage/GoogleDrive-peanutsonpineapple@gmail.com/My Drive/KISSTECH/WILLIAMS/Sept_4_2024_Code/fonts.googleapis.com/css2/index﹖family=Merriweather﹕wght@400﹔700&display=swap.css”, to “/Users/drgachet/Library/CloudStorage/GoogleDrive-peanutsonpineapple@gmail.com/My Drive/KISSTECH/WILLIAMS/Sept_4_2024_Code/fonts.gstatic.com/s/merriweather/v30/u-440qyriQwlOrhSvowK_l5-cyZMdeX3rsHo.woff2”
2024-09-04, 2:07:31 PM - HISTORY: Downloaded “https://fonts.gstatic.com/s/worksans/v19/QGY_z_wNahGAdqQ43RhVcIgYT2Xz5u32K0nXBi8JoI3ZKyHaQQ.woff”, referred from “/Users/drgachet/Library/CloudStorage/GoogleDrive-peanutsonpineapple@gmail.com/My Drive/KISSTECH/WILLIAMS/Sept_4_2024_Code/fonts.googleapis.com/css2/index﹖family=Work+Sans﹕wght@400&display=swap.css”, to “/Users/drgachet/Library/CloudStorage/GoogleDrive-peanutsonpineapple@gmail.com/My Drive/KISSTECH/WILLIAMS/Sept_4_2024_Code/fonts.gstatic.com/s/worksans/v19/QGY_z_wNahGAdqQ43RhVcIgYT2Xz5u32K0nXBi8JoI3ZKyHaQQ.woff”
2024-09-04, 2:07:31 PM - MEDIA TYPE: “https://fonts.gstatic.com/s/merriweather/v30/u-4n0qyriQwlOrhSvowK_l52xwNZVcf6hPvhPUWH.woff2” has a media type of font/woff2
2024-09-04, 2:07:31 PM - HISTORY: Downloaded “https://fonts.gstatic.com/s/merriweather/v30/u-440qyriQwlOrhSvowK_l5-ciZMdeX3rsHo.woff2”, referred from “/Users/drgachet/Library/CloudStorage/GoogleDrive-peanutsonpineapple@gmail.com/My Drive/KISSTECH/WILLIAMS/Sept_4_2024_Code/fonts.googleapis.com/css2/index﹖family=Merriweather﹕wght@400﹔700&display=swap.css”, to “/Users/drgachet/Library/CloudStorage/GoogleDrive-peanutsonpineapple@gmail.com/My Drive/KISSTECH/WILLIAMS/Sept_4_2024_Code/fonts.gstatic.com/s/merriweather/v30/u-440qyriQwlOrhSvowK_l5-ciZMdeX3rsHo.woff2”
2024-09-04, 2:07:31 PM - HISTORY: Downloaded “https://fonts.gstatic.com/s/merriweather/v30/u-4n0qyriQwlOrhSvowK_l52xwNZVcf6hPvhPUWH.woff2”, referred from “/Users/drgachet/Library/CloudStorage/GoogleDrive-peanutsonpineapple@gmail.com/My Drive/KISSTECH/WILLIAMS/Sept_4_2024_Code/fonts.googleapis.com/css2/index﹖family=Merriweather﹕wght@400﹔700&display=swap.css”, to “/Users/drgachet/Library/CloudStorage/GoogleDrive-peanutsonpineapple@gmail.com/My Drive/KISSTECH/WILLIAMS/Sept_4_2024_Code/fonts.gstatic.com/s/merriweather/v30/u-4n0qyriQwlOrhSvowK_l52xwNZVcf6hPvhPUWH.woff2”
2024-09-04, 2:07:31 PM - MEDIA TYPE: “https://fonts.gstatic.com/s/merriweather/v30/u-440qyriQwlOrhSvowK_l5-fCZMdeX3rg.woff2” has a media type of font/woff2
2024-09-04, 2:07:31 PM - MEDIA TYPE: “https://fonts.gstatic.com/s/ledger/v16/j8_q6-HK1L3if_sBmMrxPzNxHkOr.woff2” has a media type of font/woff2
2024-09-04, 2:07:31 PM - MEDIA TYPE: “https://fonts.gstatic.com/s/ledger/v16/j8_q6-HK1L3if_sBnMrxPzNxHg.woff2” has a media type of font/woff2
2024-09-04, 2:07:31 PM - HISTORY: Downloaded “https://fonts.gstatic.com/s/ledger/v16/j8_q6-HK1L3if_sBmMrxPzNxHkOr.woff2”, referred from “/Users/drgachet/Library/CloudStorage/GoogleDrive-peanutsonpineapple@gmail.com/My Drive/KISSTECH/WILLIAMS/Sept_4_2024_Code/fonts.googleapis.com/css2/index﹖family=Ledger&display=swap.css”, to “/Users/drgachet/Library/CloudStorage/GoogleDrive-peanutsonpineapple@gmail.com/My Drive/KISSTECH/WILLIAMS/Sept_4_2024_Code/fonts.gstatic.com/s/ledger/v16/j8_q6-HK1L3if_sBmMrxPzNxHkOr.woff2”
2024-09-04, 2:07:31 PM - HISTORY: Downloaded “https://fonts.gstatic.com/s/ledger/v16/j8_q6-HK1L3if_sBnMrxPzNxHg.woff2”, referred from “/Users/drgachet/Library/CloudStorage/GoogleDrive-peanutsonpineapple@gmail.com/My Drive/KISSTECH/WILLIAMS/Sept_4_2024_Code/fonts.googleapis.com/css2/index﹖family=Ledger&display=swap.css”, to “/Users/drgachet/Library/CloudStorage/GoogleDrive-peanutsonpineapple@gmail.com/My Drive/KISSTECH/WILLIAMS/Sept_4_2024_Code/fonts.gstatic.com/s/ledger/v16/j8_q6-HK1L3if_sBnMrxPzNxHg.woff2”
2024-09-04, 2:07:31 PM - HISTORY: Downloaded “https://fonts.gstatic.com/s/merriweather/v30/u-440qyriQwlOrhSvowK_l5-fCZMdeX3rg.woff2”, referred from “/Users/drgachet/Library/CloudStorage/GoogleDrive-peanutsonpineapple@gmail.com/My Drive/KISSTECH/WILLIAMS/Sept_4_2024_Code/fonts.googleapis.com/css2/index﹖family=Merriweather﹕wght@400﹔700&display=swap.css”, to “/Users/drgachet/Library/CloudStorage/GoogleDrive-peanutsonpineapple@gmail.com/My Drive/KISSTECH/WILLIAMS/Sept_4_2024_Code/fonts.gstatic.com/s/merriweather/v30/u-440qyriQwlOrhSvowK_l5-fCZMdeX3rg.woff2”
2024-09-04, 2:07:31 PM - MEDIA TYPE: “https://fonts.gstatic.com/s/merriweather/v30/u-4n0qyriQwlOrhSvowK_l52xwNZWMf6hPvhPQ.woff2” has a media type of font/woff2
2024-09-04, 2:07:31 PM - MEDIA TYPE: “https://fonts.gstatic.com/s/merriweather/v30/u-4n0qyriQwlOrhSvowK_l52xwNZVsf6hPvhPUWH.woff2” has a media type of font/woff2
2024-09-04, 2:07:31 PM - MEDIA TYPE: “https://fonts.gstatic.com/s/dmsans/v15/rP2Yp2ywxg089UriI5-g4vlH9VoD8Cmcqbu6-K6z9mXgjU0.woff2” has a media type of font/woff2
2024-09-04, 2:07:31 PM - MEDIA TYPE: “https://fonts.gstatic.com/s/inter/v18/UcC73FwrK3iLTeHuS_nVMrMxCp50SjIa2JL7W0Q5n-wU.woff2” has a media type of font/woff2
2024-09-04, 2:07:31 PM - HISTORY: Downloaded “https://fonts.gstatic.com/s/dmsans/v15/rP2Yp2ywxg089UriI5-g4vlH9VoD8Cmcqbu6-K6z9mXgjU0.woff2”, referred from “/Users/drgachet/Library/CloudStorage/GoogleDrive-peanutsonpineapple@gmail.com/My Drive/KISSTECH/WILLIAMS/Sept_4_2024_Code/fonts.googleapis.com/css2/index﹖family=DM+Sans﹕wght@400﹔700&display=swap.css”, to “/Users/drgachet/Library/CloudStorage/GoogleDrive-peanutsonpineapple@gmail.com/My Drive/KISSTECH/WILLIAMS/Sept_4_2024_Code/fonts.gstatic.com/s/dmsans/v15/rP2Yp2ywxg089UriI5-g4vlH9VoD8Cmcqbu6-K6z9mXgjU0.woff2”
2024-09-04, 2:07:31 PM - HISTORY: Downloaded “https://fonts.gstatic.com/s/merriweather/v30/u-4n0qyriQwlOrhSvowK_l52xwNZWMf6hPvhPQ.woff2”, referred from “/Users/drgachet/Library/CloudStorage/GoogleDrive-peanutsonpineapple@gmail.com/My Drive/KISSTECH/WILLIAMS/Sept_4_2024_Code/fonts.googleapis.com/css2/index﹖family=Merriweather﹕wght@400﹔700&display=swap.css”, to “/Users/drgachet/Library/CloudStorage/GoogleDrive-peanutsonpineapple@gmail.com/My Drive/KISSTECH/WILLIAMS/Sept_4_2024_Code/fonts.gstatic.com/s/merriweather/v30/u-4n0qyriQwlOrhSvowK_l52xwNZWMf6hPvhPQ.woff2”
2024-09-04, 2:07:31 PM - HISTORY: Downloaded “https://fonts.gstatic.com/s/merriweather/v30/u-4n0qyriQwlOrhSvowK_l52xwNZVsf6hPvhPUWH.woff2”, referred from “/Users/drgachet/Library/CloudStorage/GoogleDrive-peanutsonpineapple@gmail.com/My Drive/KISSTECH/WILLIAMS/Sept_4_2024_Code/fonts.googleapis.com/css2/index﹖family=Merriweather﹕wght@400﹔700&display=swap.css”, to “/Users/drgachet/Library/CloudStorage/GoogleDrive-peanutsonpineapple@gmail.com/My Drive/KISSTECH/WILLIAMS/Sept_4_2024_Code/fonts.gstatic.com/s/merriweather/v30/u-4n0qyriQwlOrhSvowK_l52xwNZVsf6hPvhPUWH.woff2”
2024-09-04, 2:07:31 PM - HISTORY: Downloaded “https://fonts.gstatic.com/s/inter/v18/UcC73FwrK3iLTeHuS_nVMrMxCp50SjIa2JL7W0Q5n-wU.woff2”, referred from “/Users/drgachet/Library/CloudStorage/GoogleDrive-peanutsonpineapple@gmail.com/My Drive/KISSTECH/WILLIAMS/Sept_4_2024_Code/fonts.googleapis.com/css2/index﹖family=Inter﹕wght@400﹔700&display=swap.css”, to “/Users/drgachet/Library/CloudStorage/GoogleDrive-peanutsonpineapple@gmail.com/My Drive/KISSTECH/WILLIAMS/Sept_4_2024_Code/fonts.gstatic.com/s/inter/v18/UcC73FwrK3iLTeHuS_nVMrMxCp50SjIa2JL7W0Q5n-wU.woff2”
2024-09-04, 2:07:31 PM - MEDIA TYPE: “https://fonts.gstatic.com/s/dmsans/v15/rP2Yp2ywxg089UriI5-g4vlH9VoD8Cmcqbu0-K6z9mXg.woff2” has a media type of font/woff2
2024-09-04, 2:07:31 PM - MEDIA TYPE: “https://fonts.gstatic.com/s/inter/v18/UcC73FwrK3iLTeHuS_nVMrMxCp50SjIa0ZL7W0Q5n-wU.woff2” has a media type of font/woff2
2024-09-04, 2:07:31 PM - HISTORY: Downloaded “https://fonts.gstatic.com/s/inter/v18/UcC73FwrK3iLTeHuS_nVMrMxCp50SjIa0ZL7W0Q5n-wU.woff2”, referred from “/Users/drgachet/Library/CloudStorage/GoogleDrive-peanutsonpineapple@gmail.com/My Drive/KISSTECH/WILLIAMS/Sept_4_2024_Code/fonts.googleapis.com/css2/index﹖family=Inter﹕wght@400﹔700&display=swap.css”, to “/Users/drgachet/Library/CloudStorage/GoogleDrive-peanutsonpineapple@gmail.com/My Drive/KISSTECH/WILLIAMS/Sept_4_2024_Code/fonts.gstatic.com/s/inter/v18/UcC73FwrK3iLTeHuS_nVMrMxCp50SjIa0ZL7W0Q5n-wU.woff2”
2024-09-04, 2:07:31 PM - MEDIA TYPE: “https://fonts.gstatic.com/s/inter/v18/UcC73FwrK3iLTeHuS_nVMrMxCp50SjIa2pL7W0Q5n-wU.woff2” has a media type of font/woff2
2024-09-04, 2:07:31 PM - MEDIA TYPE: “https://fonts.gstatic.com/s/inter/v18/UcC73FwrK3iLTeHuS_nVMrMxCp50SjIa1pL7W0Q5n-wU.woff2” has a media type of font/woff2
2024-09-04, 2:07:31 PM - HISTORY: Downloaded “https://fonts.gstatic.com/s/inter/v18/UcC73FwrK3iLTeHuS_nVMrMxCp50SjIa2pL7W0Q5n-wU.woff2”, referred from “/Users/drgachet/Library/CloudStorage/GoogleDrive-peanutsonpineapple@gmail.com/My Drive/KISSTECH/WILLIAMS/Sept_4_2024_Code/fonts.googleapis.com/css2/index﹖family=Inter﹕wght@400﹔700&display=swap.css”, to “/Users/drgachet/Library/CloudStorage/GoogleDrive-peanutsonpineapple@gmail.com/My Drive/KISSTECH/WILLIAMS/Sept_4_2024_Code/fonts.gstatic.com/s/inter/v18/UcC73FwrK3iLTeHuS_nVMrMxCp50SjIa2pL7W0Q5n-wU.woff2”
2024-09-04, 2:07:31 PM - HISTORY: Downloaded “https://fonts.gstatic.com/s/inter/v18/UcC73FwrK3iLTeHuS_nVMrMxCp50SjIa1pL7W0Q5n-wU.woff2”, referred from “/Users/drgachet/Library/CloudStorage/GoogleDrive-peanutsonpineapple@gmail.com/My Drive/KISSTECH/WILLIAMS/Sept_4_2024_Code/fonts.googleapis.com/css2/index﹖family=Inter﹕wght@400﹔700&display=swap.css”, to “/Users/drgachet/Library/CloudStorage/GoogleDrive-peanutsonpineapple@gmail.com/My Drive/KISSTECH/WILLIAMS/Sept_4_2024_Code/fonts.gstatic.com/s/inter/v18/UcC73FwrK3iLTeHuS_nVMrMxCp50SjIa1pL7W0Q5n-wU.woff2”
2024-09-04, 2:07:31 PM - HISTORY: Downloaded “https://fonts.gstatic.com/s/dmsans/v15/rP2Yp2ywxg089UriI5-g4vlH9VoD8Cmcqbu0-K6z9mXg.woff2”, referred from “/Users/drgachet/Library/CloudStorage/GoogleDrive-peanutsonpineapple@gmail.com/My Drive/KISSTECH/WILLIAMS/Sept_4_2024_Code/fonts.googleapis.com/css2/index﹖family=DM+Sans﹕wght@400﹔700&display=swap.css”, to “/Users/drgachet/Library/CloudStorage/GoogleDrive-peanutsonpineapple@gmail.com/My Drive/KISSTECH/WILLIAMS/Sept_4_2024_Code/fonts.gstatic.com/s/dmsans/v15/rP2Yp2ywxg089UriI5-g4vlH9VoD8Cmcqbu0-K6z9mXg.woff2”
2024-09-04, 2:07:31 PM - MEDIA TYPE: “https://fonts.gstatic.com/s/inter/v18/UcC73FwrK3iLTeHuS_nVMrMxCp50SjIa2ZL7W0Q5n-wU.woff2” has a media type of font/woff2
2024-09-04, 2:07:31 PM - MEDIA TYPE: “https://fonts.gstatic.com/s/inter/v18/UcC73FwrK3iLTeHuS_nVMrMxCp50SjIa25L7W0Q5n-wU.woff2” has a media type of font/woff2
2024-09-04, 2:07:31 PM - MEDIA TYPE: “https://fonts.gstatic.com/s/ledger/v16/j8_q6-HK1L3if_sBksrxPzNxHkOr.woff2” has a media type of font/woff2
2024-09-04, 2:07:31 PM - HISTORY: Downloaded “https://fonts.gstatic.com/s/inter/v18/UcC73FwrK3iLTeHuS_nVMrMxCp50SjIa2ZL7W0Q5n-wU.woff2”, referred from “/Users/drgachet/Library/CloudStorage/GoogleDrive-peanutsonpineapple@gmail.com/My Drive/KISSTECH/WILLIAMS/Sept_4_2024_Code/fonts.googleapis.com/css2/index﹖family=Inter﹕wght@400﹔700&display=swap.css”, to “/Users/drgachet/Library/CloudStorage/GoogleDrive-peanutsonpineapple@gmail.com/My Drive/KISSTECH/WILLIAMS/Sept_4_2024_Code/fonts.gstatic.com/s/inter/v18/UcC73FwrK3iLTeHuS_nVMrMxCp50SjIa2ZL7W0Q5n-wU.woff2”
2024-09-04, 2:07:31 PM - HISTORY: Downloaded “https://fonts.gstatic.com/s/ledger/v16/j8_q6-HK1L3if_sBksrxPzNxHkOr.woff2”, referred from “/Users/drgachet/Library/CloudStorage/GoogleDrive-peanutsonpineapple@gmail.com/My Drive/KISSTECH/WILLIAMS/Sept_4_2024_Code/fonts.googleapis.com/css2/index﹖family=Ledger&display=swap.css”, to “/Users/drgachet/Library/CloudStorage/GoogleDrive-peanutsonpineapple@gmail.com/My Drive/KISSTECH/WILLIAMS/Sept_4_2024_Code/fonts.gstatic.com/s/ledger/v16/j8_q6-HK1L3if_sBksrxPzNxHkOr.woff2”
2024-09-04, 2:07:31 PM - MEDIA TYPE: “https://fonts.gstatic.com/s/inter/v18/UcC73FwrK3iLTeHuS_nVMrMxCp50SjIa1ZL7W0Q5nw.woff2” has a media type of font/woff2
2024-09-04, 2:07:31 PM - HISTORY: Downloaded “https://fonts.gstatic.com/s/inter/v18/UcC73FwrK3iLTeHuS_nVMrMxCp50SjIa1ZL7W0Q5nw.woff2”, referred from “/Users/drgachet/Library/CloudStorage/GoogleDrive-peanutsonpineapple@gmail.com/My Drive/KISSTECH/WILLIAMS/Sept_4_2024_Code/fonts.googleapis.com/css2/index﹖family=Inter﹕wght@400﹔700&display=swap.css”, to “/Users/drgachet/Library/CloudStorage/GoogleDrive-peanutsonpineapple@gmail.com/My Drive/KISSTECH/WILLIAMS/Sept_4_2024_Code/fonts.gstatic.com/s/inter/v18/UcC73FwrK3iLTeHuS_nVMrMxCp50SjIa1ZL7W0Q5nw.woff2”
2024-09-04, 2:07:31 PM - HISTORY: Downloaded “https://fonts.gstatic.com/s/inter/v18/UcC73FwrK3iLTeHuS_nVMrMxCp50SjIa25L7W0Q5n-wU.woff2”, referred from “/Users/drgachet/Library/CloudStorage/GoogleDrive-peanutsonpineapple@gmail.com/My Drive/KISSTECH/WILLIAMS/Sept_4_2024_Code/fonts.googleapis.com/css2/index﹖family=Inter﹕wght@400﹔700&display=swap.css”, to “/Users/drgachet/Library/CloudStorage/GoogleDrive-peanutsonpineapple@gmail.com/My Drive/KISSTECH/WILLIAMS/Sept_4_2024_Code/fonts.gstatic.com/s/inter/v18/UcC73FwrK3iLTeHuS_nVMrMxCp50SjIa25L7W0Q5n-wU.woff2”
2024-09-04, 2:07:31 PM - STATUS: Level = 4; Files Downloaded = 58; Files Remaining = 0; Errors = 0; Connections = 11; Time to Download = 1 second

---------------------
